This file contains any messages produced by compilers while
running configure, to aid debugging if configure makes a mistake.

It was created by configure, which was
generated by GNU Autoconf 2.61.  Invocation command line was

  $ ./configure 

## --------- ##
## Platform. ##
## --------- ##

hostname = ccic
uname -m = x86_64
uname -r = 2.6.18-194.8.1.el5
uname -s = Linux
uname -v = #1 SMP Thu Jul 1 19:04:48 EDT 2010

/usr/bin/uname -p = unknown
/bin/uname -X     = unknown

/bin/arch              = x86_64
/usr/bin/arch -k       = unknown
/usr/convex/getsysinfo = unknown
/usr/bin/hostinfo      = unknown
/bin/machine           = unknown
/usr/bin/oslevel       = unknown
/bin/universe          = unknown

PATH: /usr/kerberos/sbin
PATH: /usr/kerberos/bin
PATH: /usr/local/sbin
PATH: /usr/local/bin
PATH: /sbin
PATH: /bin
PATH: /usr/sbin
PATH: /usr/bin
PATH: /usr/local/java/jdk1.6.0_17/bin
PATH: /usr/local/java/jdk1.6.0_17/jre/bin
PATH: /bin
PATH: /root/bin


## ----------- ##
## Core tests. ##
## ----------- ##

configure:1940: checking whether to enable maintainer-specific portions of Makefiles
configure:1949: result: no
configure:2001: checking build system type
configure:2019: result: x86_64-unknown-linux-gnu
configure:2041: checking host system type
configure:2056: result: x86_64-unknown-linux-gnu
configure:2078: checking target system type
configure:2093: result: x86_64-unknown-linux-gnu
configure:2142: checking for a BSD-compatible install
configure:2198: result: /usr/bin/install -c
configure:2209: checking whether build environment is sane
configure:2252: result: yes
configure:2280: checking for a thread-safe mkdir -p
configure:2319: result: /bin/mkdir -p
configure:2332: checking for gawk
configure:2348: found /bin/gawk
configure:2359: result: gawk
configure:2370: checking whether make sets $(MAKE)
configure:2391: result: yes
configure:2670: checking for style of include used by make
configure:2698: result: GNU
configure:2768: checking for gcc
configure:2784: found /usr/bin/gcc
configure:2795: result: gcc
configure:3033: checking for C compiler version
configure:3040: gcc --version >&5
gcc (GCC) 4.1.2 20080704 (Red Hat 4.1.2-48)
Copyright (C) 2006 Free Software Foundation, Inc.
This is free software; see the source for copying conditions.  There is NO
warranty; not even for MERCHANTABILITY or FITNESS FOR A PARTICULAR PURPOSE.

configure:3043: $? = 0
configure:3050: gcc -v >&5
Using built-in specs.
Target: x86_64-redhat-linux
Configured with: ../configure --prefix=/usr --mandir=/usr/share/man --infodir=/usr/share/info --enable-shared --enable-threads=posix --enable-checking=release --with-system-zlib --enable-__cxa_atexit --disable-libunwind-exceptions --enable-libgcj-multifile --enable-languages=c,c++,objc,obj-c++,java,fortran,ada --enable-java-awt=gtk --disable-dssi --enable-plugin --with-java-home=/usr/lib/jvm/java-1.4.2-gcj-1.4.2.0/jre --with-cpu=generic --host=x86_64-redhat-linux
Thread model: posix
gcc version 4.1.2 20080704 (Red Hat 4.1.2-48)
configure:3053: $? = 0
configure:3060: gcc -V >&5
gcc: '-V' option must have argument
configure:3063: $? = 1
configure:3086: checking for C compiler default output file name
configure:3113: gcc    conftest.c  >&5
configure:3116: $? = 0
configure:3154: result: a.out
configure:3171: checking whether the C compiler works
configure:3181: ./a.out
configure:3184: $? = 0
configure:3201: result: yes
configure:3208: checking whether we are cross compiling
configure:3210: result: no
configure:3213: checking for suffix of executables
configure:3220: gcc -o conftest    conftest.c  >&5
configure:3223: $? = 0
configure:3247: result: 
configure:3253: checking for suffix of object files
configure:3279: gcc -c   conftest.c >&5
configure:3282: $? = 0
configure:3305: result: o
configure:3309: checking whether we are using the GNU C compiler
configure:3338: gcc -c   conftest.c >&5
configure:3344: $? = 0
configure:3361: result: yes
configure:3366: checking whether gcc accepts -g
configure:3396: gcc -c -g  conftest.c >&5
configure:3402: $? = 0
configure:3501: result: yes
configure:3518: checking for gcc option to accept ISO C89
configure:3592: gcc  -c -g -O2  conftest.c >&5
configure:3598: $? = 0
configure:3621: result: none needed
configure:3641: checking dependency style of gcc
configure:3732: result: gcc3
configure:3747: checking for a sed that does not truncate output
configure:3801: result: /bin/sed
configure:3804: checking for grep that handles long lines and -e
configure:3878: result: /bin/grep
configure:3883: checking for egrep
configure:3961: result: /bin/grep -E
configure:3977: checking for ld used by gcc
configure:4044: result: /usr/bin/ld
configure:4053: checking if the linker (/usr/bin/ld) is GNU ld
configure:4068: result: yes
configure:4073: checking for /usr/bin/ld option to reload object files
configure:4080: result: -r
configure:4098: checking for BSD-compatible nm
configure:4147: result: /usr/bin/nm -B
configure:4151: checking whether ln -s works
configure:4155: result: yes
configure:4162: checking how to recognise dependent libraries
configure:4338: result: pass_all
configure:4426: gcc -c -g -O2  conftest.c >&5
configure:4429: $? = 0
configure:4572: checking how to run the C preprocessor
configure:4612: gcc -E  conftest.c
configure:4618: $? = 0
configure:4649: gcc -E  conftest.c
conftest.c:10:28: error: ac_nonexistent.h: No such file or directory
configure:4655: $? = 1
configure: failed program was:
| /* confdefs.h.  */
| #define PACKAGE_NAME ""
| #define PACKAGE_TARNAME ""
| #define PACKAGE_VERSION ""
| #define PACKAGE_STRING ""
| #define PACKAGE_BUGREPORT ""
| #define PACKAGE "radiusclient-ng"
| #define VERSION "0.5.6"
| /* end confdefs.h.  */
| #include <ac_nonexistent.h>
configure:4688: result: gcc -E
configure:4717: gcc -E  conftest.c
configure:4723: $? = 0
configure:4754: gcc -E  conftest.c
conftest.c:10:28: error: ac_nonexistent.h: No such file or directory
configure:4760: $? = 1
configure: failed program was:
| /* confdefs.h.  */
| #define PACKAGE_NAME ""
| #define PACKAGE_TARNAME ""
| #define PACKAGE_VERSION ""
| #define PACKAGE_STRING ""
| #define PACKAGE_BUGREPORT ""
| #define PACKAGE "radiusclient-ng"
| #define VERSION "0.5.6"
| /* end confdefs.h.  */
| #include <ac_nonexistent.h>
configure:4798: checking for ANSI C header files
configure:4828: gcc -c -g -O2  conftest.c >&5
configure:4834: $? = 0
configure:4933: gcc -o conftest -g -O2   conftest.c  >&5
configure:4936: $? = 0
configure:4942: ./conftest
configure:4945: $? = 0
configure:4962: result: yes
configure:4986: checking for sys/types.h
configure:5007: gcc -c -g -O2  conftest.c >&5
configure:5013: $? = 0
configure:5029: result: yes
configure:4986: checking for sys/stat.h
configure:5007: gcc -c -g -O2  conftest.c >&5
configure:5013: $? = 0
configure:5029: result: yes
configure:4986: checking for stdlib.h
configure:5007: gcc -c -g -O2  conftest.c >&5
configure:5013: $? = 0
configure:5029: result: yes
configure:4986: checking for string.h
configure:5007: gcc -c -g -O2  conftest.c >&5
configure:5013: $? = 0
configure:5029: result: yes
configure:4986: checking for memory.h
configure:5007: gcc -c -g -O2  conftest.c >&5
configure:5013: $? = 0
configure:5029: result: yes
configure:4986: checking for strings.h
configure:5007: gcc -c -g -O2  conftest.c >&5
configure:5013: $? = 0
configure:5029: result: yes
configure:4986: checking for inttypes.h
configure:5007: gcc -c -g -O2  conftest.c >&5
configure:5013: $? = 0
configure:5029: result: yes
configure:4986: checking for stdint.h
configure:5007: gcc -c -g -O2  conftest.c >&5
configure:5013: $? = 0
configure:5029: result: yes
configure:4986: checking for unistd.h
configure:5007: gcc -c -g -O2  conftest.c >&5
configure:5013: $? = 0
configure:5029: result: yes
configure:5056: checking dlfcn.h usability
configure:5073: gcc -c -g -O2  conftest.c >&5
configure:5079: $? = 0
configure:5093: result: yes
configure:5097: checking dlfcn.h presence
configure:5112: gcc -E  conftest.c
configure:5118: $? = 0
configure:5132: result: yes
configure:5160: checking for dlfcn.h
configure:5168: result: yes
configure:5239: checking for g++
configure:5255: found /usr/bin/g++
configure:5266: result: g++
configure:5297: checking for C++ compiler version
configure:5304: g++ --version >&5
g++ (GCC) 4.1.2 20080704 (Red Hat 4.1.2-48)
Copyright (C) 2006 Free Software Foundation, Inc.
This is free software; see the source for copying conditions.  There is NO
warranty; not even for MERCHANTABILITY or FITNESS FOR A PARTICULAR PURPOSE.

configure:5307: $? = 0
configure:5314: g++ -v >&5
Using built-in specs.
Target: x86_64-redhat-linux
Configured with: ../configure --prefix=/usr --mandir=/usr/share/man --infodir=/usr/share/info --enable-shared --enable-threads=posix --enable-checking=release --with-system-zlib --enable-__cxa_atexit --disable-libunwind-exceptions --enable-libgcj-multifile --enable-languages=c,c++,objc,obj-c++,java,fortran,ada --enable-java-awt=gtk --disable-dssi --enable-plugin --with-java-home=/usr/lib/jvm/java-1.4.2-gcj-1.4.2.0/jre --with-cpu=generic --host=x86_64-redhat-linux
Thread model: posix
gcc version 4.1.2 20080704 (Red Hat 4.1.2-48)
configure:5317: $? = 0
configure:5324: g++ -V >&5
g++: '-V' option must have argument
configure:5327: $? = 1
configure:5330: checking whether we are using the GNU C++ compiler
configure:5359: g++ -c   conftest.cpp >&5
configure:5365: $? = 0
configure:5382: result: yes
configure:5387: checking whether g++ accepts -g
configure:5417: g++ -c -g  conftest.cpp >&5
configure:5423: $? = 0
configure:5522: result: yes
configure:5547: checking dependency style of g++
configure:5638: result: gcc3
configure:5663: checking how to run the C++ preprocessor
configure:5699: g++ -E  conftest.cpp
configure:5705: $? = 0
configure:5736: g++ -E  conftest.cpp
conftest.cpp:21:28: error: ac_nonexistent.h: No such file or directory
configure:5742: $? = 1
configure: failed program was:
| /* confdefs.h.  */
| #define PACKAGE_NAME ""
| #define PACKAGE_TARNAME ""
| #define PACKAGE_VERSION ""
| #define PACKAGE_STRING ""
| #define PACKAGE_BUGREPORT ""
| #define PACKAGE "radiusclient-ng"
| #define VERSION "0.5.6"
| #define STDC_HEADERS 1
| #define HAVE_SYS_TYPES_H 1
| #define HAVE_SYS_STAT_H 1
| #define HAVE_STDLIB_H 1
| #define HAVE_STRING_H 1
| #define HAVE_MEMORY_H 1
| #define HAVE_STRINGS_H 1
| #define HAVE_INTTYPES_H 1
| #define HAVE_STDINT_H 1
| #define HAVE_UNISTD_H 1
| #define HAVE_DLFCN_H 1
| /* end confdefs.h.  */
| #include <ac_nonexistent.h>
configure:5775: result: g++ -E
configure:5804: g++ -E  conftest.cpp
configure:5810: $? = 0
configure:5841: g++ -E  conftest.cpp
conftest.cpp:21:28: error: ac_nonexistent.h: No such file or directory
configure:5847: $? = 1
configure: failed program was:
| /* confdefs.h.  */
| #define PACKAGE_NAME ""
| #define PACKAGE_TARNAME ""
| #define PACKAGE_VERSION ""
| #define PACKAGE_STRING ""
| #define PACKAGE_BUGREPORT ""
| #define PACKAGE "radiusclient-ng"
| #define VERSION "0.5.6"
| #define STDC_HEADERS 1
| #define HAVE_SYS_TYPES_H 1
| #define HAVE_SYS_STAT_H 1
| #define HAVE_STDLIB_H 1
| #define HAVE_STRING_H 1
| #define HAVE_MEMORY_H 1
| #define HAVE_STRINGS_H 1
| #define HAVE_INTTYPES_H 1
| #define HAVE_STDINT_H 1
| #define HAVE_UNISTD_H 1
| #define HAVE_DLFCN_H 1
| /* end confdefs.h.  */
| #include <ac_nonexistent.h>
configure:5940: checking for g77
configure:5970: result: no
configure:5940: checking for xlf
configure:5970: result: no
configure:5940: checking for f77
configure:5970: result: no
configure:5940: checking for frt
configure:5970: result: no
configure:5940: checking for pgf77
configure:5970: result: no
configure:5940: checking for cf77
configure:5970: result: no
configure:5940: checking for fort77
configure:5970: result: no
configure:5940: checking for fl32
configure:5970: result: no
configure:5940: checking for af77
configure:5970: result: no
configure:5940: checking for xlf90
configure:5970: result: no
configure:5940: checking for f90
configure:5970: result: no
configure:5940: checking for pgf90
configure:5970: result: no
configure:5940: checking for pghpf
configure:5970: result: no
configure:5940: checking for epcf90
configure:5970: result: no
configure:5940: checking for gfortran
configure:5956: found /usr/bin/gfortran
configure:5967: result: gfortran
configure:5997: checking for Fortran 77 compiler version
configure:6004: gfortran --version >&5
GNU Fortran (GCC) 4.1.2 20080704 (Red Hat 4.1.2-48)
Copyright (C) 2007 Free Software Foundation, Inc.

GNU Fortran comes with NO WARRANTY, to the extent permitted by law.
You may redistribute copies of GNU Fortran
under the terms of the GNU General Public License.
For more information about these matters, see the file named COPYING

configure:6007: $? = 0
configure:6014: gfortran -v >&5
Using built-in specs.
Target: x86_64-redhat-linux
Configured with: ../configure --prefix=/usr --mandir=/usr/share/man --infodir=/usr/share/info --enable-shared --enable-threads=posix --enable-checking=release --with-system-zlib --enable-__cxa_atexit --disable-libunwind-exceptions --enable-libgcj-multifile --enable-languages=c,c++,objc,obj-c++,java,fortran,ada --enable-java-awt=gtk --disable-dssi --enable-plugin --with-java-home=/usr/lib/jvm/java-1.4.2-gcj-1.4.2.0/jre --with-cpu=generic --host=x86_64-redhat-linux
Thread model: posix
gcc version 4.1.2 20080704 (Red Hat 4.1.2-48)
configure:6017: $? = 0
configure:6024: gfortran -V >&5
gfortran: '-V' option must have argument
configure:6027: $? = 1
configure:6035: checking whether we are using the GNU Fortran 77 compiler
configure:6054: gfortran -c  conftest.F >&5
configure:6060: $? = 0
configure:6077: result: yes
configure:6083: checking whether gfortran accepts -g
configure:6100: gfortran -c -g conftest.f >&5
configure:6106: $? = 0
configure:6122: result: yes
configure:6152: checking the maximum length of command line arguments
configure:6261: result: 32768
configure:6272: checking command to parse /usr/bin/nm -B output from gcc object
configure:6377: gcc -c -g -O2  conftest.c >&5
configure:6380: $? = 0
configure:6384: /usr/bin/nm -B conftest.o \| sed -n -e 's/^.*[ 	]\([ABCDGIRSTW][ABCDGIRSTW]*\)[ 	][ 	]*\([_A-Za-z][_A-Za-z0-9]*\)$/\1 \2 \2/p' \> conftest.nm
configure:6387: $? = 0
configure:6439: gcc -o conftest -g -O2   conftest.c conftstm.o >&5
configure:6442: $? = 0
configure:6480: result: ok
configure:6484: checking for objdir
configure:6499: result: .libs
configure:6591: checking for ar
configure:6607: found /usr/bin/ar
configure:6618: result: ar
configure:6687: checking for ranlib
configure:6703: found /usr/bin/ranlib
configure:6714: result: ranlib
configure:6783: checking for strip
configure:6799: found /usr/bin/strip
configure:6810: result: strip
configure:7096: checking if gcc supports -fno-rtti -fno-exceptions
configure:7114: gcc -c -g -O2  -fno-rtti -fno-exceptions conftest.c >&5
cc1: warning: command line option "-fno-rtti" is valid for C++/ObjC++ but not for C
configure:7118: $? = 0
configure:7131: result: no
configure:7146: checking for gcc option to produce PIC
configure:7356: result: -fPIC
configure:7364: checking if gcc PIC flag -fPIC works
configure:7382: gcc -c -g -O2  -fPIC -DPIC conftest.c >&5
configure:7386: $? = 0
configure:7399: result: yes
configure:7427: checking if gcc static flag -static works
configure:7455: result: yes
configure:7465: checking if gcc supports -c -o file.o
configure:7486: gcc -c -g -O2  -o out/conftest2.o conftest.c >&5
configure:7490: $? = 0
configure:7512: result: yes
configure:7538: checking whether the gcc linker (/usr/bin/ld -m elf_x86_64) supports shared libraries
configure:8493: result: yes
configure:8514: checking whether -lc should be explicitly linked in
configure:8519: gcc -c -g -O2  conftest.c >&5
configure:8522: $? = 0
configure:8537: gcc -shared conftest.o  -v -Wl,-soname -Wl,conftest -o conftest 2\>\&1 \| grep  -lc  \>/dev/null 2\>\&1
configure:8540: $? = 0
configure:8552: result: no
configure:8560: checking dynamic linker characteristics
configure:9136: result: GNU/Linux ld.so
configure:9145: checking how to hardcode library paths into programs
configure:9170: result: immediate
configure:9184: checking whether stripping libraries is possible
configure:9189: result: yes
configure:9990: checking if libtool supports shared libraries
configure:9992: result: yes
configure:9995: checking whether to build shared libraries
configure:10016: result: yes
configure:10019: checking whether to build static libraries
configure:10023: result: yes
configure:10115: creating libtool
configure:10703: checking for ld used by g++
configure:10770: result: /usr/bin/ld -m elf_x86_64
configure:10779: checking if the linker (/usr/bin/ld -m elf_x86_64) is GNU ld
configure:10794: result: yes
configure:10845: checking whether the g++ linker (/usr/bin/ld -m elf_x86_64) supports shared libraries
configure:11779: result: yes
configure:11797: g++ -c -g -O2  conftest.cpp >&5
configure:11800: $? = 0
configure:11919: checking for g++ option to produce PIC
configure:12193: result: -fPIC
configure:12201: checking if g++ PIC flag -fPIC works
configure:12219: g++ -c -g -O2  -fPIC -DPIC conftest.cpp >&5
configure:12223: $? = 0
configure:12236: result: yes
configure:12264: checking if g++ static flag -static works
configure:12292: result: yes
configure:12302: checking if g++ supports -c -o file.o
configure:12323: g++ -c -g -O2  -o out/conftest2.o conftest.cpp >&5
configure:12327: $? = 0
configure:12349: result: yes
configure:12375: checking whether the g++ linker (/usr/bin/ld -m elf_x86_64) supports shared libraries
configure:12403: result: yes
configure:12470: checking dynamic linker characteristics
configure:13046: result: GNU/Linux ld.so
configure:13055: checking how to hardcode library paths into programs
configure:13080: result: immediate
configure:13606: checking if libtool supports shared libraries
configure:13608: result: yes
configure:13611: checking whether to build shared libraries
configure:13631: result: yes
configure:13634: checking whether to build static libraries
configure:13638: result: yes
configure:13648: checking for gfortran option to produce PIC
configure:13858: result: -fPIC
configure:13866: checking if gfortran PIC flag -fPIC works
configure:13884: gfortran -c -g -O2 -fPIC conftest.f >&5
configure:13888: $? = 0
configure:13901: result: yes
configure:13929: checking if gfortran static flag -static works
configure:13957: result: yes
configure:13967: checking if gfortran supports -c -o file.o
configure:13988: gfortran -c -g -O2 -o out/conftest2.o conftest.f >&5
configure:13992: $? = 0
configure:14014: result: yes
configure:14040: checking whether the gfortran linker (/usr/bin/ld -m elf_x86_64) supports shared libraries
configure:14975: result: yes
configure:15042: checking dynamic linker characteristics
configure:15618: result: GNU/Linux ld.so
configure:15627: checking how to hardcode library paths into programs
configure:15652: result: immediate
configure:19247: checking for gcc
configure:19274: result: gcc
configure:19512: checking for C compiler version
configure:19519: gcc --version >&5
gcc (GCC) 4.1.2 20080704 (Red Hat 4.1.2-48)
Copyright (C) 2006 Free Software Foundation, Inc.
This is free software; see the source for copying conditions.  There is NO
warranty; not even for MERCHANTABILITY or FITNESS FOR A PARTICULAR PURPOSE.

configure:19522: $? = 0
configure:19529: gcc -v >&5
Using built-in specs.
Target: x86_64-redhat-linux
Configured with: ../configure --prefix=/usr --mandir=/usr/share/man --infodir=/usr/share/info --enable-shared --enable-threads=posix --enable-checking=release --with-system-zlib --enable-__cxa_atexit --disable-libunwind-exceptions --enable-libgcj-multifile --enable-languages=c,c++,objc,obj-c++,java,fortran,ada --enable-java-awt=gtk --disable-dssi --enable-plugin --with-java-home=/usr/lib/jvm/java-1.4.2-gcj-1.4.2.0/jre --with-cpu=generic --host=x86_64-redhat-linux
Thread model: posix
gcc version 4.1.2 20080704 (Red Hat 4.1.2-48)
configure:19532: $? = 0
configure:19539: gcc -V >&5
gcc: '-V' option must have argument
configure:19542: $? = 1
configure:19545: checking whether we are using the GNU C compiler
configure:19597: result: yes
configure:19602: checking whether gcc accepts -g
configure:19737: result: yes
configure:19754: checking for gcc option to accept ISO C89
configure:19857: result: none needed
configure:19877: checking dependency style of gcc
configure:19968: result: gcc3
configure:19986: checking for ar
configure:20004: found /usr/bin/ar
configure:20016: result: /usr/bin/ar
configure:20026: checking whether to include shadow password support
configure:20041: result: no
configure:20050: checking for gethostbyname in -lnsl
configure:20085: gcc -o conftest -g -O2   conftest.c -lnsl   >&5
configure:20091: $? = 0
configure:20109: result: yes
configure:20121: checking for socket in -lsocket
configure:20156: gcc -o conftest -g -O2   conftest.c -lsocket  -lnsl  >&5
/usr/bin/ld: cannot find -lsocket
collect2: ld returned 1 exit status
configure:20162: $? = 1
configure: failed program was:
| /* confdefs.h.  */
| #define PACKAGE_NAME ""
| #define PACKAGE_TARNAME ""
| #define PACKAGE_VERSION ""
| #define PACKAGE_STRING ""
| #define PACKAGE_BUGREPORT ""
| #define PACKAGE "radiusclient-ng"
| #define VERSION "0.5.6"
| #define STDC_HEADERS 1
| #define HAVE_SYS_TYPES_H 1
| #define HAVE_SYS_STAT_H 1
| #define HAVE_STDLIB_H 1
| #define HAVE_STRING_H 1
| #define HAVE_MEMORY_H 1
| #define HAVE_STRINGS_H 1
| #define HAVE_INTTYPES_H 1
| #define HAVE_STDINT_H 1
| #define HAVE_UNISTD_H 1
| #define HAVE_DLFCN_H 1
| #define HAVE_LIBNSL 1
| /* end confdefs.h.  */
| 
| /* Override any GCC internal prototype to avoid an error.
|    Use char because int might match the return type of a GCC
|    builtin and then its argument prototype would still apply.  */
| #ifdef __cplusplus
| extern "C"
| #endif
| char socket ();
| int
| main ()
| {
| return socket ();
|   ;
|   return 0;
| }
configure:20180: result: no
configure:20328: checking for crypt in -lcrypt
configure:20363: gcc -o conftest -g -O2   conftest.c -lcrypt  -lnsl  >&5
configure:20369: $? = 0
configure:20387: result: yes
configure:20399: checking whether byte ordering is bigendian
configure:20432: gcc -c -g -O2  conftest.c >&5
configure:20438: $? = 0
configure:20470: gcc -c -g -O2  conftest.c >&5
conftest.c: In function 'main':
conftest.c:30: error: 'not' undeclared (first use in this function)
conftest.c:30: error: (Each undeclared identifier is reported only once
conftest.c:30: error: for each function it appears in.)
conftest.c:30: error: expected ';' before 'big'
configure:20476: $? = 1
configure: failed program was:
| /* confdefs.h.  */
| #define PACKAGE_NAME ""
| #define PACKAGE_TARNAME ""
| #define PACKAGE_VERSION ""
| #define PACKAGE_STRING ""
| #define PACKAGE_BUGREPORT ""
| #define PACKAGE "radiusclient-ng"
| #define VERSION "0.5.6"
| #define STDC_HEADERS 1
| #define HAVE_SYS_TYPES_H 1
| #define HAVE_SYS_STAT_H 1
| #define HAVE_STDLIB_H 1
| #define HAVE_STRING_H 1
| #define HAVE_MEMORY_H 1
| #define HAVE_STRINGS_H 1
| #define HAVE_INTTYPES_H 1
| #define HAVE_STDINT_H 1
| #define HAVE_UNISTD_H 1
| #define HAVE_DLFCN_H 1
| #define HAVE_LIBNSL 1
| #define HAVE_LIBCRYPT 1
| /* end confdefs.h.  */
| #include <sys/types.h>
| #include <sys/param.h>
| 
| int
| main ()
| {
| #if BYTE_ORDER != BIG_ENDIAN
|  not big endian
| #endif
| 
|   ;
|   return 0;
| }
configure:20616: result: no
configure:20655: checking for dirent.h that defines DIR
configure:20684: gcc -c -g -O2  conftest.c >&5
configure:20690: $? = 0
configure:20706: result: yes
configure:20719: checking for library containing opendir
configure:20760: gcc -o conftest -g -O2   conftest.c -lcrypt -lnsl  >&5
configure:20766: $? = 0
configure:20794: result: none required
configure:20888: checking for ANSI C header files
configure:21052: result: yes
configure:21080: checking crypt.h usability
configure:21097: gcc -c -g -O2  conftest.c >&5
configure:21103: $? = 0
configure:21117: result: yes
configure:21121: checking crypt.h presence
configure:21136: gcc -E  conftest.c
configure:21142: $? = 0
configure:21156: result: yes
configure:21184: checking for crypt.h
configure:21192: result: yes
configure:21080: checking signal.h usability
configure:21097: gcc -c -g -O2  conftest.c >&5
configure:21103: $? = 0
configure:21117: result: yes
configure:21121: checking signal.h presence
configure:21136: gcc -E  conftest.c
configure:21142: $? = 0
configure:21156: result: yes
configure:21184: checking for signal.h
configure:21192: result: yes
configure:21080: checking sys/signal.h usability
configure:21097: gcc -c -g -O2  conftest.c >&5
configure:21103: $? = 0
configure:21117: result: yes
configure:21121: checking sys/signal.h presence
configure:21136: gcc -E  conftest.c
configure:21142: $? = 0
configure:21156: result: yes
configure:21184: checking for sys/signal.h
configure:21192: result: yes
configure:21070: checking for sys/stat.h
configure:21076: result: yes
configure:21221: checking fcntl.h usability
configure:21238: gcc -c -g -O2  conftest.c >&5
configure:21244: $? = 0
configure:21258: result: yes
configure:21262: checking fcntl.h presence
configure:21277: gcc -E  conftest.c
configure:21283: $? = 0
configure:21297: result: yes
configure:21325: checking for fcntl.h
configure:21333: result: yes
configure:21221: checking sys/fcntl.h usability
configure:21238: gcc -c -g -O2  conftest.c >&5
configure:21244: $? = 0
configure:21258: result: yes
configure:21262: checking sys/fcntl.h presence
configure:21277: gcc -E  conftest.c
configure:21283: $? = 0
configure:21297: result: yes
configure:21325: checking for sys/fcntl.h
configure:21333: result: yes
configure:21363: checking sys/utsname.h usability
configure:21380: gcc -c -g -O2  conftest.c >&5
configure:21386: $? = 0
configure:21400: result: yes
configure:21404: checking sys/utsname.h presence
configure:21419: gcc -E  conftest.c
configure:21425: $? = 0
configure:21439: result: yes
configure:21467: checking for sys/utsname.h
configure:21475: result: yes
configure:21363: checking getopt.h usability
configure:21380: gcc -c -g -O2  conftest.c >&5
configure:21386: $? = 0
configure:21400: result: yes
configure:21404: checking getopt.h presence
configure:21419: gcc -E  conftest.c
configure:21425: $? = 0
configure:21439: result: yes
configure:21467: checking for getopt.h
configure:21475: result: yes
configure:21353: checking for unistd.h
configure:21359: result: yes
configure:21505: checking sys/file.h usability
configure:21522: gcc -c -g -O2  conftest.c >&5
configure:21528: $? = 0
configure:21542: result: yes
configure:21546: checking sys/file.h presence
configure:21561: gcc -E  conftest.c
configure:21567: $? = 0
configure:21581: result: yes
configure:21609: checking for sys/file.h
configure:21617: result: yes
configure:21505: checking termios.h usability
configure:21522: gcc -c -g -O2  conftest.c >&5
configure:21528: $? = 0
configure:21542: result: yes
configure:21546: checking termios.h presence
configure:21561: gcc -E  conftest.c
configure:21567: $? = 0
configure:21581: result: yes
configure:21609: checking for termios.h
configure:21617: result: yes
configure:21505: checking sys/ioctl.h usability
configure:21522: gcc -c -g -O2  conftest.c >&5
configure:21528: $? = 0
configure:21542: result: yes
configure:21546: checking sys/ioctl.h presence
configure:21561: gcc -E  conftest.c
configure:21567: $? = 0
configure:21581: result: yes
configure:21609: checking for sys/ioctl.h
configure:21617: result: yes
configure:21762: checking for an ANSI C-conforming const
configure:21837: gcc -c -g -O2  conftest.c >&5
configure:21843: $? = 0
configure:21858: result: yes
configure:21868: checking for off_t
configure:21898: gcc -c -g -O2  conftest.c >&5
configure:21904: $? = 0
configure:21919: result: yes
configure:21931: checking for size_t
configure:21961: gcc -c -g -O2  conftest.c >&5
configure:21967: $? = 0
configure:21982: result: yes
configure:21994: checking whether time.h and sys/time.h may both be included
configure:22024: gcc -c -g -O2  conftest.c >&5
configure:22030: $? = 0
configure:22045: result: yes
configure:22055: checking whether struct tm is in sys/time.h or time.h
configure:22085: gcc -c -g -O2  conftest.c >&5
configure:22091: $? = 0
configure:22106: result: time.h
configure:22118: checking whether gcc needs -traditional
configure:22160: result: no
configure:22167: checking for working memcmp
configure:22220: gcc -o conftest -g -O2   conftest.c -lcrypt -lnsl  >&5
configure:22223: $? = 0
configure:22229: ./conftest
configure:22232: $? = 0
configure:22248: result: yes
configure:22257: checking for function prototypes
configure:22260: result: yes
configure:22277: checking whether setvbuf arguments are reversed
configure:22307: gcc -o conftest -g -O2   conftest.c -lcrypt -lnsl  >&5
conftest.c:43: error: conflicting types for 'setvbuf'
/usr/include/stdio.h:308: error: previous declaration of 'setvbuf' was here
configure:22313: $? = 1
configure: failed program was:
| /* confdefs.h.  */
| #define PACKAGE_NAME ""
| #define PACKAGE_TARNAME ""
| #define PACKAGE_VERSION ""
| #define PACKAGE_STRING ""
| #define PACKAGE_BUGREPORT ""
| #define PACKAGE "radiusclient-ng"
| #define VERSION "0.5.6"
| #define STDC_HEADERS 1
| #define HAVE_SYS_TYPES_H 1
| #define HAVE_SYS_STAT_H 1
| #define HAVE_STDLIB_H 1
| #define HAVE_STRING_H 1
| #define HAVE_MEMORY_H 1
| #define HAVE_STRINGS_H 1
| #define HAVE_INTTYPES_H 1
| #define HAVE_STDINT_H 1
| #define HAVE_UNISTD_H 1
| #define HAVE_DLFCN_H 1
| #define HAVE_LIBNSL 1
| #define HAVE_LIBCRYPT 1
| #define LITTLE_ENDIAN 1
| #define HAVE_DIRENT_H 1
| #define STDC_HEADERS 1
| #define HAVE_CRYPT_H 1
| #define HAVE_SIGNAL_H 1
| #define HAVE_SYS_SIGNAL_H 1
| #define HAVE_SYS_STAT_H 1
| #define HAVE_FCNTL_H 1
| #define HAVE_SYS_FCNTL_H 1
| #define HAVE_SYS_UTSNAME_H 1
| #define HAVE_GETOPT_H 1
| #define HAVE_UNISTD_H 1
| #define HAVE_SYS_FILE_H 1
| #define HAVE_TERMIOS_H 1
| #define HAVE_SYS_IOCTL_H 1
| #define TIME_WITH_SYS_TIME 1
| #define PROTOTYPES 1
| #define __PROTOTYPES 1
| /* end confdefs.h.  */
| #include <stdio.h>
| #	  ifdef PROTOTYPES
| 	   int (setvbuf) (FILE *, int, char *, size_t);
| #	  endif
| int
| main ()
| {
| char buf; return setvbuf (stdout, _IOLBF, &buf, 1);
|   ;
|   return 0;
| }
configure:22434: result: no
configure:22444: checking return type of signal handlers
configure:22472: gcc -c -g -O2  conftest.c >&5
conftest.c: In function 'main':
conftest.c:47: error: void value not ignored as it ought to be
configure:22478: $? = 1
configure: failed program was:
| /* confdefs.h.  */
| #define PACKAGE_NAME ""
| #define PACKAGE_TARNAME ""
| #define PACKAGE_VERSION ""
| #define PACKAGE_STRING ""
| #define PACKAGE_BUGREPORT ""
| #define PACKAGE "radiusclient-ng"
| #define VERSION "0.5.6"
| #define STDC_HEADERS 1
| #define HAVE_SYS_TYPES_H 1
| #define HAVE_SYS_STAT_H 1
| #define HAVE_STDLIB_H 1
| #define HAVE_STRING_H 1
| #define HAVE_MEMORY_H 1
| #define HAVE_STRINGS_H 1
| #define HAVE_INTTYPES_H 1
| #define HAVE_STDINT_H 1
| #define HAVE_UNISTD_H 1
| #define HAVE_DLFCN_H 1
| #define HAVE_LIBNSL 1
| #define HAVE_LIBCRYPT 1
| #define LITTLE_ENDIAN 1
| #define HAVE_DIRENT_H 1
| #define STDC_HEADERS 1
| #define HAVE_CRYPT_H 1
| #define HAVE_SIGNAL_H 1
| #define HAVE_SYS_SIGNAL_H 1
| #define HAVE_SYS_STAT_H 1
| #define HAVE_FCNTL_H 1
| #define HAVE_SYS_FCNTL_H 1
| #define HAVE_SYS_UTSNAME_H 1
| #define HAVE_GETOPT_H 1
| #define HAVE_UNISTD_H 1
| #define HAVE_SYS_FILE_H 1
| #define HAVE_TERMIOS_H 1
| #define HAVE_SYS_IOCTL_H 1
| #define TIME_WITH_SYS_TIME 1
| #define PROTOTYPES 1
| #define __PROTOTYPES 1
| /* end confdefs.h.  */
| #include <sys/types.h>
| #include <signal.h>
| 
| int
| main ()
| {
| return *(signal (0, 0)) (0) == 1;
|   ;
|   return 0;
| }
configure:22493: result: void
configure:22505: checking for strftime
configure:22561: gcc -o conftest -g -O2   conftest.c -lcrypt -lnsl  >&5
conftest.c:65: warning: conflicting types for built-in function 'strftime'
configure:22567: $? = 0
configure:22585: result: yes
configure:22668: checking for working alloca.h
configure:22695: gcc -o conftest -g -O2   conftest.c -lcrypt -lnsl  >&5
configure:22701: $? = 0
configure:22718: result: yes
configure:22728: checking for alloca
configure:22775: gcc -o conftest -g -O2   conftest.c -lcrypt -lnsl  >&5
configure:22781: $? = 0
configure:22798: result: yes
configure:23031: checking for strdup
configure:23087: gcc -o conftest -g -O2   conftest.c -lcrypt -lnsl  >&5
conftest.c:68: warning: conflicting types for built-in function 'strdup'
configure:23093: $? = 0
configure:23111: result: yes
configure:23031: checking for strerror
configure:23087: gcc -o conftest -g -O2   conftest.c -lcrypt -lnsl  >&5
configure:23093: $? = 0
configure:23111: result: yes
configure:23031: checking for strcasecmp
configure:23087: gcc -o conftest -g -O2   conftest.c -lcrypt -lnsl  >&5
conftest.c:70: warning: conflicting types for built-in function 'strcasecmp'
configure:23093: $? = 0
configure:23111: result: yes
configure:23138: checking for flock
configure:23194: gcc -o conftest -g -O2   conftest.c -lcrypt -lnsl  >&5
configure:23200: $? = 0
configure:23218: result: yes
configure:23138: checking for fcntl
configure:23194: gcc -o conftest -g -O2   conftest.c -lcrypt -lnsl  >&5
configure:23200: $? = 0
configure:23218: result: yes
configure:23138: checking for uname
configure:23194: gcc -o conftest -g -O2   conftest.c -lcrypt -lnsl  >&5
configure:23200: $? = 0
configure:23218: result: yes
configure:23138: checking for gethostname
configure:23194: gcc -o conftest -g -O2   conftest.c -lcrypt -lnsl  >&5
configure:23200: $? = 0
configure:23218: result: yes
configure:23138: checking for sysinfo
configure:23194: gcc -o conftest -g -O2   conftest.c -lcrypt -lnsl  >&5
configure:23200: $? = 0
configure:23218: result: yes
configure:23138: checking for getdomainname
configure:23194: gcc -o conftest -g -O2   conftest.c -lcrypt -lnsl  >&5
configure:23200: $? = 0
configure:23218: result: yes
configure:23236: checking for stricmp
configure:23292: gcc -o conftest -g -O2   conftest.c -lcrypt -lnsl  >&5
/tmp/cc8ebDoU.o: In function `main':
/home/lidp/nmon/radiusclient-ng-0.5.6/conftest.c:88: undefined reference to `stricmp'
collect2: ld returned 1 exit status
configure:23298: $? = 1
configure: failed program was:
| /* confdefs.h.  */
| #define PACKAGE_NAME ""
| #define PACKAGE_TARNAME ""
| #define PACKAGE_VERSION ""
| #define PACKAGE_STRING ""
| #define PACKAGE_BUGREPORT ""
| #define PACKAGE "radiusclient-ng"
| #define VERSION "0.5.6"
| #define STDC_HEADERS 1
| #define HAVE_SYS_TYPES_H 1
| #define HAVE_SYS_STAT_H 1
| #define HAVE_STDLIB_H 1
| #define HAVE_STRING_H 1
| #define HAVE_MEMORY_H 1
| #define HAVE_STRINGS_H 1
| #define HAVE_INTTYPES_H 1
| #define HAVE_STDINT_H 1
| #define HAVE_UNISTD_H 1
| #define HAVE_DLFCN_H 1
| #define HAVE_LIBNSL 1
| #define HAVE_LIBCRYPT 1
| #define LITTLE_ENDIAN 1
| #define HAVE_DIRENT_H 1
| #define STDC_HEADERS 1
| #define HAVE_CRYPT_H 1
| #define HAVE_SIGNAL_H 1
| #define HAVE_SYS_SIGNAL_H 1
| #define HAVE_SYS_STAT_H 1
| #define HAVE_FCNTL_H 1
| #define HAVE_SYS_FCNTL_H 1
| #define HAVE_SYS_UTSNAME_H 1
| #define HAVE_GETOPT_H 1
| #define HAVE_UNISTD_H 1
| #define HAVE_SYS_FILE_H 1
| #define HAVE_TERMIOS_H 1
| #define HAVE_SYS_IOCTL_H 1
| #define TIME_WITH_SYS_TIME 1
| #define PROTOTYPES 1
| #define __PROTOTYPES 1
| #define RETSIGTYPE void
| #define HAVE_STRFTIME 1
| #define HAVE_ALLOCA_H 1
| #define HAVE_ALLOCA 1
| #define HAVE_STRDUP 1
| #define HAVE_STRERROR 1
| #define HAVE_STRCASECMP 1
| #define HAVE_FLOCK 1
| #define HAVE_FCNTL 1
| #define HAVE_UNAME 1
| #define HAVE_GETHOSTNAME 1
| #define HAVE_SYSINFO 1
| #define HAVE_GETDOMAINNAME 1
| /* end confdefs.h.  */
| /* Define stricmp to an innocuous variant, in case <limits.h> declares stricmp.
|    For example, HP-UX 11i <limits.h> declares gettimeofday.  */
| #define stricmp innocuous_stricmp
| 
| /* System header to define __stub macros and hopefully few prototypes,
|     which can conflict with char stricmp (); below.
|     Prefer <limits.h> to <assert.h> if __STDC__ is defined, since
|     <limits.h> exists even on freestanding compilers.  */
| 
| #ifdef __STDC__
| # include <limits.h>
| #else
| # include <assert.h>
| #endif
| 
| #undef stricmp
| 
| /* Override any GCC internal prototype to avoid an error.
|    Use char because int might match the return type of a GCC
|    builtin and then its argument prototype would still apply.  */
| #ifdef __cplusplus
| extern "C"
| #endif
| char stricmp ();
| /* The GNU C library defines this for functions which it implements
|     to always fail with ENOSYS.  Some functions are actually named
|     something starting with __ and the normal name is an alias.  */
| #if defined __stub_stricmp || defined __stub___stricmp
| choke me
| #endif
| 
| int
| main ()
| {
| return stricmp ();
|   ;
|   return 0;
| }
configure:23316: result: no
configure:23236: checking for random
configure:23292: gcc -o conftest -g -O2   conftest.c -lcrypt -lnsl  >&5
configure:23298: $? = 0
configure:23316: result: yes
configure:23236: checking for rand
configure:23292: gcc -o conftest -g -O2   conftest.c -lcrypt -lnsl  >&5
configure:23298: $? = 0
configure:23316: result: yes
configure:23236: checking for snprintf
configure:23292: gcc -o conftest -g -O2   conftest.c -lcrypt -lnsl  >&5
conftest.c:79: warning: conflicting types for built-in function 'snprintf'
configure:23298: $? = 0
configure:23316: result: yes
configure:23236: checking for vsnprintf
configure:23292: gcc -o conftest -g -O2   conftest.c -lcrypt -lnsl  >&5
conftest.c:80: warning: conflicting types for built-in function 'vsnprintf'
configure:23298: $? = 0
configure:23316: result: yes
configure:23329: checking for field domainname in struct utsname
configure:23360: gcc -o conftest -g -O2   conftest.c -lcrypt -lnsl  >&5
conftest.c: In function 'main':
conftest.c:64: error: 'struct utsname' has no member named 'domainname'
configure:23363: $? = 1
configure: program exited with status 1
configure: failed program was:
| /* confdefs.h.  */
| #define PACKAGE_NAME ""
| #define PACKAGE_TARNAME ""
| #define PACKAGE_VERSION ""
| #define PACKAGE_STRING ""
| #define PACKAGE_BUGREPORT ""
| #define PACKAGE "radiusclient-ng"
| #define VERSION "0.5.6"
| #define STDC_HEADERS 1
| #define HAVE_SYS_TYPES_H 1
| #define HAVE_SYS_STAT_H 1
| #define HAVE_STDLIB_H 1
| #define HAVE_STRING_H 1
| #define HAVE_MEMORY_H 1
| #define HAVE_STRINGS_H 1
| #define HAVE_INTTYPES_H 1
| #define HAVE_STDINT_H 1
| #define HAVE_UNISTD_H 1
| #define HAVE_DLFCN_H 1
| #define HAVE_LIBNSL 1
| #define HAVE_LIBCRYPT 1
| #define LITTLE_ENDIAN 1
| #define HAVE_DIRENT_H 1
| #define STDC_HEADERS 1
| #define HAVE_CRYPT_H 1
| #define HAVE_SIGNAL_H 1
| #define HAVE_SYS_SIGNAL_H 1
| #define HAVE_SYS_STAT_H 1
| #define HAVE_FCNTL_H 1
| #define HAVE_SYS_FCNTL_H 1
| #define HAVE_SYS_UTSNAME_H 1
| #define HAVE_GETOPT_H 1
| #define HAVE_UNISTD_H 1
| #define HAVE_SYS_FILE_H 1
| #define HAVE_TERMIOS_H 1
| #define HAVE_SYS_IOCTL_H 1
| #define TIME_WITH_SYS_TIME 1
| #define PROTOTYPES 1
| #define __PROTOTYPES 1
| #define RETSIGTYPE void
| #define HAVE_STRFTIME 1
| #define HAVE_ALLOCA_H 1
| #define HAVE_ALLOCA 1
| #define HAVE_STRDUP 1
| #define HAVE_STRERROR 1
| #define HAVE_STRCASECMP 1
| #define HAVE_FLOCK 1
| #define HAVE_FCNTL 1
| #define HAVE_UNAME 1
| #define HAVE_GETHOSTNAME 1
| #define HAVE_SYSINFO 1
| #define HAVE_GETDOMAINNAME 1
| #define HAVE_RANDOM 1
| #define HAVE_RAND 1
| #define HAVE_SNPRINTF 1
| #define HAVE_VSNPRINTF 1
| /* end confdefs.h.  */
| 
| 	#include <sys/utsname.h>
| 
| 	main(int argc, char **argv)
| 	{
| 		struct utsname uts;
| 		uts.domainname[0] = '\0';
| 	}
| 
configure:23386: result: no
configure:23396: checking for /dev/urandom
configure:23400: result: yes
configure:23422: result: /bin:/usr/bin:/usr/local/bin
configure:23430: checking which syslog facility to use
configure:23442: result: LOG_DAEMON
configure:23450: checking whether to include Livingston's RADIUS server 1.16 kludge
configure:23474: result: no
configure:23481: checking whether to add service type hints derived from username prefix
configure:23495: result: no
configure:23657: creating ./config.status

## ---------------------- ##
## Running config.status. ##
## ---------------------- ##

This file was extended by config.status, which was
generated by GNU Autoconf 2.61.  Invocation command line was

  CONFIG_FILES    = 
  CONFIG_HEADERS  = 
  CONFIG_LINKS    = 
  CONFIG_COMMANDS = 
  $ ./config.status 

on ccic

config.status:685: creating Makefile
config.status:685: creating include/Makefile
config.status:685: creating lib/Makefile
config.status:685: creating src/Makefile
config.status:685: creating man/Makefile
config.status:685: creating etc/Makefile
config.status:685: creating doc/Makefile
config.status:685: creating patches/Makefile
config.status:685: creating login.radius/Makefile
config.status:685: creating login.radius/migs/Makefile
config.status:685: creating rpm/Makefile
config.status:685: creating config.h
config.status:958: config.h is unchanged
config.status:1004: executing depfiles commands
config.status:1004: executing default commands

## ---------------- ##
## Cache variables. ##
## ---------------- ##

ac_cv_build=x86_64-unknown-linux-gnu
ac_cv_c_bigendian=no
ac_cv_c_compiler_gnu=yes
ac_cv_c_const=yes
ac_cv_cxx_compiler_gnu=yes
ac_cv_env_CCC_set=
ac_cv_env_CCC_value=
ac_cv_env_CC_set=
ac_cv_env_CC_value=
ac_cv_env_CFLAGS_set=
ac_cv_env_CFLAGS_value=
ac_cv_env_CPPFLAGS_set=
ac_cv_env_CPPFLAGS_value=
ac_cv_env_CPP_set=
ac_cv_env_CPP_value=
ac_cv_env_CXXCPP_set=
ac_cv_env_CXXCPP_value=
ac_cv_env_CXXFLAGS_set=
ac_cv_env_CXXFLAGS_value=
ac_cv_env_CXX_set=
ac_cv_env_CXX_value=
ac_cv_env_F77_set=
ac_cv_env_F77_value=
ac_cv_env_FFLAGS_set=
ac_cv_env_FFLAGS_value=
ac_cv_env_LDFLAGS_set=
ac_cv_env_LDFLAGS_value=
ac_cv_env_LIBS_set=
ac_cv_env_LIBS_value=
ac_cv_env_build_alias_set=
ac_cv_env_build_alias_value=
ac_cv_env_host_alias_set=
ac_cv_env_host_alias_value=
ac_cv_env_target_alias_set=
ac_cv_env_target_alias_value=
ac_cv_f77_compiler_gnu=yes
ac_cv_func_alloca_works=yes
ac_cv_func_fcntl=yes
ac_cv_func_flock=yes
ac_cv_func_getdomainname=yes
ac_cv_func_gethostname=yes
ac_cv_func_memcmp_working=yes
ac_cv_func_rand=yes
ac_cv_func_random=yes
ac_cv_func_setvbuf_reversed=no
ac_cv_func_snprintf=yes
ac_cv_func_strcasecmp=yes
ac_cv_func_strdup=yes
ac_cv_func_strerror=yes
ac_cv_func_strftime=yes
ac_cv_func_stricmp=no
ac_cv_func_sysinfo=yes
ac_cv_func_uname=yes
ac_cv_func_vsnprintf=yes
ac_cv_header_crypt_h=yes
ac_cv_header_dirent_dirent_h=yes
ac_cv_header_dlfcn_h=yes
ac_cv_header_fcntl_h=yes
ac_cv_header_getopt_h=yes
ac_cv_header_inttypes_h=yes
ac_cv_header_memory_h=yes
ac_cv_header_signal_h=yes
ac_cv_header_stdc=yes
ac_cv_header_stdint_h=yes
ac_cv_header_stdlib_h=yes
ac_cv_header_string_h=yes
ac_cv_header_strings_h=yes
ac_cv_header_sys_fcntl_h=yes
ac_cv_header_sys_file_h=yes
ac_cv_header_sys_ioctl_h=yes
ac_cv_header_sys_signal_h=yes
ac_cv_header_sys_stat_h=yes
ac_cv_header_sys_types_h=yes
ac_cv_header_sys_utsname_h=yes
ac_cv_header_termios_h=yes
ac_cv_header_time=yes
ac_cv_header_unistd_h=yes
ac_cv_host=x86_64-unknown-linux-gnu
ac_cv_lib_crypt_crypt=yes
ac_cv_lib_nsl_gethostbyname=yes
ac_cv_lib_socket_socket=no
ac_cv_objext=o
ac_cv_path_AR=/usr/bin/ar
ac_cv_path_EGREP='/bin/grep -E'
ac_cv_path_GREP=/bin/grep
ac_cv_path_install='/usr/bin/install -c'
ac_cv_path_mkdir=/bin/mkdir
ac_cv_prog_AWK=gawk
ac_cv_prog_CPP='gcc -E'
ac_cv_prog_CXXCPP='g++ -E'
ac_cv_prog_ac_ct_AR=ar
ac_cv_prog_ac_ct_CC=gcc
ac_cv_prog_ac_ct_CXX=g++
ac_cv_prog_ac_ct_F77=gfortran
ac_cv_prog_ac_ct_RANLIB=ranlib
ac_cv_prog_ac_ct_STRIP=strip
ac_cv_prog_cc_c89=
ac_cv_prog_cc_g=yes
ac_cv_prog_cxx_g=yes
ac_cv_prog_f77_g=yes
ac_cv_prog_gcc_traditional=no
ac_cv_prog_make_make_set=yes
ac_cv_search_opendir='none required'
ac_cv_struct_tm=time.h
ac_cv_target=x86_64-unknown-linux-gnu
ac_cv_type_off_t=yes
ac_cv_type_signal=void
ac_cv_type_size_t=yes
ac_cv_working_alloca_h=yes
am_cv_CC_dependencies_compiler_type=gcc3
am_cv_CXX_dependencies_compiler_type=gcc3
lt_cv_deplibs_check_method=pass_all
lt_cv_file_magic_cmd='$MAGIC_CMD'
lt_cv_file_magic_test_file=
lt_cv_ld_reload_flag=-r
lt_cv_objdir=.libs
lt_cv_path_LD=/usr/bin/ld
lt_cv_path_LDCXX='/usr/bin/ld -m elf_x86_64'
lt_cv_path_NM='/usr/bin/nm -B'
lt_cv_path_SED=/bin/sed
lt_cv_prog_compiler_c_o=yes
lt_cv_prog_compiler_c_o_CXX=yes
lt_cv_prog_compiler_c_o_F77=yes
lt_cv_prog_compiler_rtti_exceptions=no
lt_cv_prog_gnu_ld=yes
lt_cv_prog_gnu_ldcxx=yes
lt_cv_sys_global_symbol_pipe='sed -n -e '\''s/^.*[ 	]\([ABCDGIRSTW][ABCDGIRSTW]*\)[ 	][ 	]*\([_A-Za-z][_A-Za-z0-9]*\)$/\1 \2 \2/p'\'''
lt_cv_sys_global_symbol_to_c_name_address='sed -n -e '\''s/^: \([^ ]*\) $/  {\"\1\", (lt_ptr) 0},/p'\'' -e '\''s/^[BCDEGRST] \([^ ]*\) \([^ ]*\)$/  {"\2", (lt_ptr) \&\2},/p'\'''
lt_cv_sys_global_symbol_to_cdecl='sed -n -e '\''s/^. .* \(.*\)$/extern int \1;/p'\'''
lt_cv_sys_max_cmd_len=32768
lt_lt_cv_prog_compiler_c_o='"yes"'
lt_lt_cv_prog_compiler_c_o_CXX='"yes"'
lt_lt_cv_prog_compiler_c_o_F77='"yes"'
lt_lt_cv_sys_global_symbol_pipe='"sed -n -e '\''s/^.*[ 	]\\([ABCDGIRSTW][ABCDGIRSTW]*\\)[ 	][ 	]*\\([_A-Za-z][_A-Za-z0-9]*\\)\$/\\1 \\2 \\2/p'\''"'
lt_lt_cv_sys_global_symbol_to_c_name_address='"sed -n -e '\''s/^: \\([^ ]*\\) \$/  {\\\"\\1\\\", (lt_ptr) 0},/p'\'' -e '\''s/^[BCDEGRST] \\([^ ]*\\) \\([^ ]*\\)\$/  {\"\\2\", (lt_ptr) \\&\\2},/p'\''"'
lt_lt_cv_sys_global_symbol_to_cdecl='"sed -n -e '\''s/^. .* \\(.*\\)\$/extern int \\1;/p'\''"'

## ----------------- ##
## Output variables. ##
## ----------------- ##

ACLOCAL='${SHELL} /home/lidp/nmon/radiusclient-ng-0.5.6/missing --run aclocal-1.10'
ALLOCA=''
AMDEPBACKSLASH='\'
AMDEP_FALSE='#'
AMDEP_TRUE=''
AMTAR='${SHELL} /home/lidp/nmon/radiusclient-ng-0.5.6/missing --run tar'
AR='/usr/bin/ar'
AUTOCONF='${SHELL} /home/lidp/nmon/radiusclient-ng-0.5.6/missing --run autoconf'
AUTOHEADER='${SHELL} /home/lidp/nmon/radiusclient-ng-0.5.6/missing --run autoheader'
AUTOMAKE='${SHELL} /home/lidp/nmon/radiusclient-ng-0.5.6/missing --run automake-1.10'
AWK='gawk'
CC='gcc'
CCDEPMODE='depmode=gcc3'
CFLAGS='-g -O2'
CPP='gcc -E'
CPPFLAGS=''
CXX='g++'
CXXCPP='g++ -E'
CXXDEPMODE='depmode=gcc3'
CXXFLAGS='-g -O2'
CYGPATH_W='echo'
DEFS='-DHAVE_CONFIG_H'
DEPDIR='.deps'
ECHO='echo'
ECHO_C=''
ECHO_N='-n'
ECHO_T=''
EGREP='/bin/grep -E'
EXEEXT=''
F77='gfortran'
FFLAGS='-g -O2'
GREP='/bin/grep'
INSTALL_DATA='${INSTALL} -m 644'
INSTALL_PROGRAM='${INSTALL}'
INSTALL_SCRIPT='${INSTALL}'
INSTALL_STRIP_PROGRAM='$(install_sh) -c -s'
LDFLAGS=''
LIBOBJS=''
LIBS='-lcrypt -lnsl '
LIBTOOL='$(SHELL) $(top_builddir)/libtool'
LIBVERSION='2:0:0'
LN_S='ln -s'
LTLIBOBJS=''
MAINT='#'
MAINTAINER_MODE_FALSE=''
MAINTAINER_MODE_TRUE='#'
MAKEINFO='${SHELL} /home/lidp/nmon/radiusclient-ng-0.5.6/missing --run makeinfo'
OBJEXT='o'
PACKAGE='radiusclient-ng'
PACKAGE_BUGREPORT=''
PACKAGE_NAME=''
PACKAGE_STRING=''
PACKAGE_TARNAME=''
PACKAGE_VERSION=''
PATH_SEPARATOR=':'
RANLIB='ranlib'
RC_LOG_FACILITY='LOG_DAEMON'
RC_SECURE_PATH='/bin:/usr/bin:/usr/local/bin'
SET_MAKE=''
SHELL='/bin/sh'
STRIP='strip'
VERSION='0.5.6'
ac_ct_CC='gcc'
ac_ct_CXX='g++'
ac_ct_F77='gfortran'
am__fastdepCC_FALSE='#'
am__fastdepCC_TRUE=''
am__fastdepCXX_FALSE='#'
am__fastdepCXX_TRUE=''
am__include='include'
am__isrc=''
am__leading_dot='.'
am__quote=''
am__tar='${AMTAR} chof - "$$tardir"'
am__untar='${AMTAR} xf -'
bindir='${exec_prefix}/bin'
build='x86_64-unknown-linux-gnu'
build_alias=''
build_cpu='x86_64'
build_os='linux-gnu'
build_vendor='unknown'
datadir='${datarootdir}'
datarootdir='${prefix}/share'
docdir='${datarootdir}/doc/${PACKAGE}'
dvidir='${docdir}'
exec_prefix='${prefix}'
host='x86_64-unknown-linux-gnu'
host_alias=''
host_cpu='x86_64'
host_os='linux-gnu'
host_vendor='unknown'
htmldir='${docdir}'
includedir='${prefix}/include'
infodir='${datarootdir}/info'
install_sh='$(SHELL) /home/lidp/nmon/radiusclient-ng-0.5.6/install-sh'
libdir='${exec_prefix}/lib'
libexecdir='${exec_prefix}/libexec'
localedir='${datarootdir}/locale'
localstatedir='${prefix}/var'
mandir='${datarootdir}/man'
mkdir_p='/bin/mkdir -p'
oldincludedir='/usr/include'
pdfdir='${docdir}'
pkgsysconfdir='${prefix}/etc/radiusclient-ng'
prefix='/usr/local'
program_transform_name='s,x,x,'
psdir='${docdir}'
sbindir='${exec_prefix}/sbin'
sharedstatedir='${prefix}/com'
sysconfdir='${prefix}/etc'
target='x86_64-unknown-linux-gnu'
target_alias=''
target_cpu='x86_64'
target_os='linux-gnu'
target_vendor='unknown'

## ----------- ##
## confdefs.h. ##
## ----------- ##

#define PACKAGE_NAME ""
#define PACKAGE_TARNAME ""
#define PACKAGE_VERSION ""
#define PACKAGE_STRING ""
#define PACKAGE_BUGREPORT ""
#define PACKAGE "radiusclient-ng"
#define VERSION "0.5.6"
#define STDC_HEADERS 1
#define HAVE_SYS_TYPES_H 1
#define HAVE_SYS_STAT_H 1
#define HAVE_STDLIB_H 1
#define HAVE_STRING_H 1
#define HAVE_MEMORY_H 1
#define HAVE_STRINGS_H 1
#define HAVE_INTTYPES_H 1
#define HAVE_STDINT_H 1
#define HAVE_UNISTD_H 1
#define HAVE_DLFCN_H 1
#define HAVE_LIBNSL 1
#define HAVE_LIBCRYPT 1
#define LITTLE_ENDIAN 1
#define HAVE_DIRENT_H 1
#define STDC_HEADERS 1
#define HAVE_CRYPT_H 1
#define HAVE_SIGNAL_H 1
#define HAVE_SYS_SIGNAL_H 1
#define HAVE_SYS_STAT_H 1
#define HAVE_FCNTL_H 1
#define HAVE_SYS_FCNTL_H 1
#define HAVE_SYS_UTSNAME_H 1
#define HAVE_GETOPT_H 1
#define HAVE_UNISTD_H 1
#define HAVE_SYS_FILE_H 1
#define HAVE_TERMIOS_H 1
#define HAVE_SYS_IOCTL_H 1
#define TIME_WITH_SYS_TIME 1
#define PROTOTYPES 1
#define __PROTOTYPES 1
#define RETSIGTYPE void
#define HAVE_STRFTIME 1
#define HAVE_ALLOCA_H 1
#define HAVE_ALLOCA 1
#define HAVE_STRDUP 1
#define HAVE_STRERROR 1
#define HAVE_STRCASECMP 1
#define HAVE_FLOCK 1
#define HAVE_FCNTL 1
#define HAVE_UNAME 1
#define HAVE_GETHOSTNAME 1
#define HAVE_SYSINFO 1
#define HAVE_GETDOMAINNAME 1
#define HAVE_RANDOM 1
#define HAVE_RAND 1
#define HAVE_SNPRINTF 1
#define HAVE_VSNPRINTF 1
#define HAVE_DEV_URANDOM 1

configure: exit 0
